! Started on Fri Feb 05 02:45:21 CET 2016
! Input file:  /home/frank/git/nlp4web-qagen/qagen/src/main/resources/questions/questions-tobiask.txt
! Output file: /home/frank/git/nlp4web-qagen/qagen/src/main/resources/questions/questions-tobiask.txt.out
! numCat:      1
! catDepth:    3

This actor made his film debut in Rubberface and followed it with appearances in Copper Mountain, Once Bitten and Peggy Sue Got Married before he hit the big time.
Jim Carrey
The Truman Show
The Descendants
High Noon
In 2005, actress Jennifer Garner married this Hollywood movie star.
Ben Affleck
Whoopi Goldberg
Rosie O'Donnell
Recep Tayyip Erdoğan
Who was the Giants running back in Super Bowl XXI?
Joe Morris
James Wilder
Rocky Freitas
Al Baker
What is the real name of the professional wrestler known as the Boogeyman?
Martin Wright
Shawn Michaels
Ricky Ortiz
Superstar Billy Graham
Pvt. Lester Hummel was played by which of these actors in the Gomer Pyle show?
William Christopher
Martin Sherman
Lathan Toland
Richard Long
Which of the following composers wrote the Moonlight Sonata for piano?
Ludwig von Beethoven
Hugo Reinhold
Alfred Maria Willner
Franz Lehár
Voyage of the Dawn Treader was written by this author.
C S Lewis
John Urry
Lady Randolph Churchill
Lord Randolph Churchill
Which U.S. writer of detective fiction worked for the famous Pinkerton National Detective Agency?
Dashiell Hammett
Francis W. Doughty
Anthony M. Rud
Patricia Highsmith
He was the most loyal friend of Al Capone. He was Capones treasurer and financial wizard. Because he was incapable of using a gun or killing a person, Al Capone protected him.
Jake Guzik
Philip Paul
Abraham Landau
Joseph Toblinsky
Which German soccer star was voted European Soccer Player of the Year in both 1972 and 1976?
Franz Beckenbauer
George Best
Raymond Kopa
Jean-Pierre Papin
